<?xml version="1.0" encoding="UTF-8"?>
<!-- Generated by org.testng.reporters.JUnitXMLReporter -->
<testsuite ignored="0" hostname="W5CG1366S1Y" failures="1" tests="1" name="FirefoxTest" time="16.517" errors="0" timestamp="2026-03-24T08:56:39 IST">
  <testcase classname="testCases.TC_AccountRegitrationTest" name="verify_account_registration" time="7.653">
    <failure type="java.lang.AssertionError" message="expected [Your Account Has Been Created!] but found [Register Account]">
      <![CDATA[java.lang.AssertionError: expected [Your Account Has Been Created!] but found [Register Account]
at testCases.TC_AccountRegitrationTest.verify_account_registration(TC_AccountRegitrationTest.java:39)
at java.base/java.util.ArrayList.forEach(ArrayList.java:1596)
... Removed 31 stack frames]]>
    </failure>
  </testcase> <!-- verify_account_registration -->
</testsuite> <!-- FirefoxTest -->
