<?xml version="1.0" encoding="UTF-8"?>
<testng-results ignored="0" total="1" passed="1" failed="0" skipped="0">
  <reporter-output>
  </reporter-output>
  <suite started-at="2026-04-06T15:24:29 IST" name="Suite" finished-at="2026-04-06T15:24:51 IST" duration-ms="21809">
    <groups>
    </groups>
    <test started-at="2026-04-06T15:24:29 IST" name="Test" finished-at="2026-04-06T15:24:51 IST" duration-ms="21809">
      <class name="testCases.TC_AccountRegitrationTest">
        <test-method is-config="true" signature="setup(java.lang.String,java.lang.String)[pri:0, instance:testCases.TC_AccountRegitrationTest@1e800aaa]" started-at="2026-04-06T15:24:29 IST" name="setup" finished-at="2026-04-06T15:24:39 IST" duration-ms="9717" status="PASS">
          <params>
            <param index="0">
              <value>
                <![CDATA[Windows]]>
              </value>
            </param>
            <param index="1">
              <value>
                <![CDATA[firefox]]>
              </value>
            </param>
          </params>
          <reporter-output>
          </reporter-output>
        </test-method> <!-- setup -->
        <test-method signature="verify_account_registration()[pri:0, instance:testCases.TC_AccountRegitrationTest@1e800aaa]" started-at="2026-04-06T15:24:39 IST" name="verify_account_registration" finished-at="2026-04-06T15:24:50 IST" duration-ms="10883" status="PASS">
          <reporter-output>
          </reporter-output>
        </test-method> <!-- verify_account_registration -->
        <test-method is-config="true" signature="teardown()[pri:0, instance:testCases.TC_AccountRegitrationTest@1e800aaa]" started-at="2026-04-06T15:24:50 IST" name="teardown" finished-at="2026-04-06T15:24:51 IST" duration-ms="1169" status="PASS">
          <reporter-output>
          </reporter-output>
        </test-method> <!-- teardown -->
      </class> <!-- testCases.TC_AccountRegitrationTest -->
    </test> <!-- Test -->
  </suite> <!-- Suite -->
</testng-results>
